<?xml version="1.0" encoding="UTF-8"?>
<testsuite xmlns:xsi="http://www.w3.org/2001/XMLSchema-instance" xsi:noNamespaceSchemaLocation="https://maven.apache.org/surefire/maven-surefire-plugin/xsd/surefire-test-report-3.0.xsd" version="3.0" name="com.zzx.RedisTest" time="4.174" tests="2" errors="0" skipped="0" failures="0">
  <properties>
[...]
</properties>
  <testcase name="testGet" classname="com.zzx.RedisTest" time="1.16">
    <system-out><![CDATA[19:10:18.146 [main] INFO org.springframework.test.context.support.AnnotationConfigContextLoaderUtils -- Could not detect default configuration classes for test class [com.zzx.RedisTest]: RedisTest does not declare any static, non-private, non-final, nested classes annotated with @Configuration.
19:10:18.259 [main] INFO org.springframework.boot.test.context.SpringBootTestContextBootstrapper -- Found @SpringBootConfiguration com.zzx.BigEventApplication for test class com.zzx.RedisTest

  .   ____          _            __ _ _
 /\\ / ___'_ __ _ _(_)_ __  __ _ \ \ \ \
( ( )\___ | '_ | '_| | '_ \/ _` | \ \ \ \
 \\/  ___)| |_)| | | | | || (_| |  ) ) ) )
  '  |____| .__|_| |_|_| |_\__, | / / / /
 =========|_|==============|___/=/_/_/_/

 :: Spring Boot ::                (v3.3.1)

2024-08-13T19:10:18.654+08:00  INFO 2268 --- [           main] com.zzx.RedisTest                        : Starting RedisTest using Java 17.0.2 with PID 2268 (started by zzx in D:\code\big-event)
2024-08-13T19:10:18.655+08:00  INFO 2268 --- [           main] com.zzx.RedisTest                        : No active profile set, falling back to 1 default profile: "default"
2024-08-13T19:10:19.399+08:00  INFO 2268 --- [           main] .s.d.r.c.RepositoryConfigurationDelegate : Multiple Spring Data modules found, entering strict repository configuration mode
2024-08-13T19:10:19.402+08:00  INFO 2268 --- [           main] .s.d.r.c.RepositoryConfigurationDelegate : Bootstrapping Spring Data Redis repositories in DEFAULT mode.
2024-08-13T19:10:19.428+08:00  INFO 2268 --- [           main] .s.d.r.c.RepositoryConfigurationDelegate : Finished Spring Data repository scanning in 10 ms. Found 0 Redis repository interfaces.
2024-08-13T19:10:21.001+08:00  INFO 2268 --- [           main] com.zzx.RedisTest                        : Started RedisTest in 2.606 seconds (process running for 3.47)
jack
]]></system-out>
  </testcase>
  <testcase name="testSet" classname="com.zzx.RedisTest" time="0.009"/>
</testsuite>